{"/Users/arahul/mobilecode/my-seventh-try/App.js": {"path":"/Users/arahul/mobilecode/my-seventh-try/App.js","statementMap":{"0":{"start":{"line":8,"column":20},"end":{"line":10,"column":2}},"1":{"start":{"line":12,"column":14},"end":{"line":12,"column":38}},"2":{"start":{"line":15,"column":2},"end":{"line":15,"column":67}},"3":{"start":{"line":18,"column":15},"end":{"line":21,"column":2}}},"fnMap":{"0":{"name":"App","decl":{"start":{"line":14,"column":24},"end":{"line":14,"column":27}},"loc":{"start":{"line":14,"column":30},"end":{"line":16,"column":1}},"line":14}},"branchMap":{},"s":{"0":1,"1":1,"2":1,"3":1},"f":{"0":1},"b":{},"_coverageSchema":"1a1c01bbd47fc00a2c39e90264f33305004495a9","hash":"30d5f1f0c4727c2ba6834a0fdc2d8bfd9717b844"}
,"/Users/arahul/mobilecode/my-seventh-try/components/contactHeader.js": {"path":"/Users/arahul/mobilecode/my-seventh-try/components/contactHeader.js","statementMap":{"0":{"start":{"line":5,"column":15},"end":{"line":12,"column":1}},"1":{"start":{"line":6,"column":9},"end":{"line":11,"column":21}},"2":{"start":{"line":9,"column":76},"end":{"line":9,"column":113}},"3":{"start":{"line":14,"column":15},"end":{"line":31,"column":2}}},"fnMap":{"0":{"name":"(anonymous_0)","decl":{"start":{"line":5,"column":15},"end":{"line":5,"column":16}},"loc":{"start":{"line":5,"column":25},"end":{"line":12,"column":1}},"line":5},"1":{"name":"(anonymous_1)","decl":{"start":{"line":9,"column":72},"end":{"line":9,"column":73}},"loc":{"start":{"line":9,"column":76},"end":{"line":9,"column":113}},"line":9}},"branchMap":{},"s":{"0":3,"1":7,"2":0,"3":3},"f":{"0":7,"1":0},"b":{},"_coverageSchema":"1a1c01bbd47fc00a2c39e90264f33305004495a9","hash":"69d83f6b83d0a50ce30aea05945ab85eab5dc6cf"}
,"/Users/arahul/mobilecode/my-seventh-try/components/imageSelector.js": {"path":"/Users/arahul/mobilecode/my-seventh-try/components/imageSelector.js","statementMap":{"0":{"start":{"line":9,"column":22},"end":{"line":51,"column":1}},"1":{"start":{"line":10,"column":29},"end":{"line":10,"column":43}},"2":{"start":{"line":11,"column":31},"end":{"line":22,"column":9}},"3":{"start":{"line":12,"column":26},"end":{"line":12,"column":72}},"4":{"start":{"line":13,"column":11},"end":{"line":20,"column":12}},"5":{"start":{"line":14,"column":13},"end":{"line":18,"column":15}},"6":{"start":{"line":19,"column":12},"end":{"line":19,"column":25}},"7":{"start":{"line":21,"column":11},"end":{"line":21,"column":23}},"8":{"start":{"line":23,"column":33},"end":{"line":36,"column":9}},"9":{"start":{"line":24,"column":34},"end":{"line":24,"column":56}},"10":{"start":{"line":25,"column":12},"end":{"line":28,"column":13}},"11":{"start":{"line":27,"column":16},"end":{"line":27,"column":23}},"12":{"start":{"line":29,"column":25},"end":{"line":33,"column":14}},"13":{"start":{"line":34,"column":12},"end":{"line":34,"column":30}},"14":{"start":{"line":35,"column":12},"end":{"line":35,"column":43}},"15":{"start":{"line":37,"column":27},"end":{"line":40,"column":9}},"16":{"start":{"line":38,"column":12},"end":{"line":38,"column":25}},"17":{"start":{"line":39,"column":12},"end":{"line":39,"column":38}},"18":{"start":{"line":42,"column":4},"end":{"line":50,"column":5}},"19":{"start":{"line":44,"column":80},"end":{"line":44,"column":103}},"20":{"start":{"line":46,"column":145},"end":{"line":46,"column":163}},"21":{"start":{"line":53,"column":15},"end":{"line":70,"column":2}}},"fnMap":{"0":{"name":"(anonymous_0)","decl":{"start":{"line":9,"column":22},"end":{"line":9,"column":23}},"loc":{"start":{"line":9,"column":31},"end":{"line":51,"column":1}},"line":9},"1":{"name":"(anonymous_1)","decl":{"start":{"line":11,"column":31},"end":{"line":11,"column":32}},"loc":{"start":{"line":11,"column":41},"end":{"line":22,"column":9}},"line":11},"2":{"name":"(anonymous_2)","decl":{"start":{"line":23,"column":33},"end":{"line":23,"column":34}},"loc":{"start":{"line":23,"column":48},"end":{"line":36,"column":9}},"line":23},"3":{"name":"(anonymous_3)","decl":{"start":{"line":37,"column":27},"end":{"line":37,"column":28}},"loc":{"start":{"line":37,"column":36},"end":{"line":40,"column":9}},"line":37},"4":{"name":"(anonymous_4)","decl":{"start":{"line":44,"column":76},"end":{"line":44,"column":77}},"loc":{"start":{"line":44,"column":80},"end":{"line":44,"column":103}},"line":44},"5":{"name":"(anonymous_5)","decl":{"start":{"line":46,"column":141},"end":{"line":46,"column":142}},"loc":{"start":{"line":46,"column":145},"end":{"line":46,"column":163}},"line":46}},"branchMap":{"0":{"loc":{"start":{"line":13,"column":11},"end":{"line":20,"column":12}},"type":"if","locations":[{"start":{"line":13,"column":11},"end":{"line":20,"column":12}},{"start":{"line":13,"column":11},"end":{"line":20,"column":12}}],"line":13},"1":{"loc":{"start":{"line":25,"column":12},"end":{"line":28,"column":13}},"type":"if","locations":[{"start":{"line":25,"column":12},"end":{"line":28,"column":13}},{"start":{"line":25,"column":12},"end":{"line":28,"column":13}}],"line":25},"2":{"loc":{"start":{"line":44,"column":9},"end":{"line":47,"column":31}},"type":"cond-expr","locations":[{"start":{"line":44,"column":20},"end":{"line":44,"column":106}},{"start":{"line":45,"column":10},"end":{"line":47,"column":30}}],"line":44}},"s":{"0":3,"1":1,"2":1,"3":0,"4":0,"5":0,"6":0,"7":0,"8":1,"9":0,"10":0,"11":0,"12":0,"13":0,"14":0,"15":1,"16":0,"17":0,"18":1,"19":0,"20":0,"21":3},"f":{"0":1,"1":0,"2":0,"3":0,"4":0,"5":0},"b":{"0":[0,0],"1":[0,0],"2":[1,0]},"_coverageSchema":"1a1c01bbd47fc00a2c39e90264f33305004495a9","hash":"3aa732e71e383068d03490d2abc334cd48805ef5"}
,"/Users/arahul/mobilecode/my-seventh-try/components/newEntry.js": {"path":"/Users/arahul/mobilecode/my-seventh-try/components/newEntry.js","statementMap":{"0":{"start":{"line":8,"column":16},"end":{"line":80,"column":1}},"1":{"start":{"line":9,"column":27},"end":{"line":9,"column":39}},"2":{"start":{"line":10,"column":29},"end":{"line":10,"column":41}},"3":{"start":{"line":11,"column":33},"end":{"line":11,"column":45}},"4":{"start":{"line":12,"column":25},"end":{"line":12,"column":39}},"5":{"start":{"line":13,"column":39},"end":{"line":13,"column":53}},"6":{"start":{"line":14,"column":43},"end":{"line":14,"column":57}},"7":{"start":{"line":15,"column":37},"end":{"line":15,"column":51}},"8":{"start":{"line":16,"column":21},"end":{"line":16,"column":34}},"9":{"start":{"line":17,"column":23},"end":{"line":17,"column":58}},"10":{"start":{"line":18,"column":25},"end":{"line":18,"column":35}},"11":{"start":{"line":19,"column":22},"end":{"line":19,"column":44}},"12":{"start":{"line":20,"column":21},"end":{"line":26,"column":5}},"13":{"start":{"line":21,"column":8},"end":{"line":21,"column":27}},"14":{"start":{"line":22,"column":8},"end":{"line":22,"column":22}},"15":{"start":{"line":23,"column":8},"end":{"line":25,"column":9}},"16":{"start":{"line":24,"column":15},"end":{"line":24,"column":33}},"17":{"start":{"line":27,"column":22},"end":{"line":33,"column":5}},"18":{"start":{"line":28,"column":8},"end":{"line":28,"column":28}},"19":{"start":{"line":29,"column":8},"end":{"line":29,"column":23}},"20":{"start":{"line":30,"column":8},"end":{"line":32,"column":9}},"21":{"start":{"line":31,"column":12},"end":{"line":31,"column":31}},"22":{"start":{"line":34,"column":24},"end":{"line":40,"column":5}},"23":{"start":{"line":35,"column":8},"end":{"line":35,"column":30}},"24":{"start":{"line":36,"column":8},"end":{"line":36,"column":25}},"25":{"start":{"line":37,"column":8},"end":{"line":39,"column":9}},"26":{"start":{"line":38,"column":12},"end":{"line":38,"column":33}},"27":{"start":{"line":41,"column":21},"end":{"line":43,"column":5}},"28":{"start":{"line":42,"column":8},"end":{"line":42,"column":21}},"29":{"start":{"line":44,"column":17},"end":{"line":51,"column":5}},"30":{"start":{"line":45,"column":8},"end":{"line":45,"column":19}},"31":{"start":{"line":46,"column":8},"end":{"line":46,"column":20}},"32":{"start":{"line":47,"column":8},"end":{"line":47,"column":22}},"33":{"start":{"line":48,"column":8},"end":{"line":48,"column":26}},"34":{"start":{"line":49,"column":8},"end":{"line":49,"column":29}},"35":{"start":{"line":50,"column":8},"end":{"line":50,"column":27}},"36":{"start":{"line":52,"column":27},"end":{"line":61,"column":5}},"37":{"start":{"line":53,"column":15},"end":{"line":60,"column":16}},"38":{"start":{"line":55,"column":16},"end":{"line":56,"column":41}},"39":{"start":{"line":59,"column":19},"end":{"line":59,"column":58}},"40":{"start":{"line":62,"column":4},"end":{"line":78,"column":6}},"41":{"start":{"line":74,"column":44},"end":{"line":74,"column":66}},"42":{"start":{"line":82,"column":15},"end":{"line":105,"column":2}}},"fnMap":{"0":{"name":"(anonymous_0)","decl":{"start":{"line":8,"column":16},"end":{"line":8,"column":17}},"loc":{"start":{"line":8,"column":25},"end":{"line":80,"column":1}},"line":8},"1":{"name":"(anonymous_1)","decl":{"start":{"line":20,"column":21},"end":{"line":20,"column":22}},"loc":{"start":{"line":20,"column":30},"end":{"line":26,"column":5}},"line":20},"2":{"name":"(anonymous_2)","decl":{"start":{"line":27,"column":22},"end":{"line":27,"column":23}},"loc":{"start":{"line":27,"column":31},"end":{"line":33,"column":5}},"line":27},"3":{"name":"(anonymous_3)","decl":{"start":{"line":34,"column":24},"end":{"line":34,"column":25}},"loc":{"start":{"line":34,"column":33},"end":{"line":40,"column":5}},"line":34},"4":{"name":"(anonymous_4)","decl":{"start":{"line":41,"column":21},"end":{"line":41,"column":22}},"loc":{"start":{"line":41,"column":31},"end":{"line":43,"column":5}},"line":41},"5":{"name":"(anonymous_5)","decl":{"start":{"line":44,"column":17},"end":{"line":44,"column":18}},"loc":{"start":{"line":44,"column":22},"end":{"line":51,"column":5}},"line":44},"6":{"name":"(anonymous_6)","decl":{"start":{"line":52,"column":27},"end":{"line":52,"column":28}},"loc":{"start":{"line":52,"column":36},"end":{"line":61,"column":5}},"line":52},"7":{"name":"(anonymous_7)","decl":{"start":{"line":74,"column":39},"end":{"line":74,"column":40}},"loc":{"start":{"line":74,"column":43},"end":{"line":74,"column":67}},"line":74}},"branchMap":{"0":{"loc":{"start":{"line":23,"column":8},"end":{"line":25,"column":9}},"type":"if","locations":[{"start":{"line":23,"column":8},"end":{"line":25,"column":9}},{"start":{"line":23,"column":8},"end":{"line":25,"column":9}}],"line":23},"1":{"loc":{"start":{"line":30,"column":8},"end":{"line":32,"column":9}},"type":"if","locations":[{"start":{"line":30,"column":8},"end":{"line":32,"column":9}},{"start":{"line":30,"column":8},"end":{"line":32,"column":9}}],"line":30},"2":{"loc":{"start":{"line":37,"column":8},"end":{"line":39,"column":9}},"type":"if","locations":[{"start":{"line":37,"column":8},"end":{"line":39,"column":9}},{"start":{"line":37,"column":8},"end":{"line":39,"column":9}}],"line":37},"3":{"loc":{"start":{"line":53,"column":15},"end":{"line":60,"column":16}},"type":"if","locations":[{"start":{"line":53,"column":15},"end":{"line":60,"column":16}},{"start":{"line":53,"column":15},"end":{"line":60,"column":16}}],"line":53},"4":{"loc":{"start":{"line":53,"column":19},"end":{"line":53,"column":88}},"type":"binary-expr","locations":[{"start":{"line":53,"column":19},"end":{"line":53,"column":29}},{"start":{"line":53,"column":31},"end":{"line":53,"column":40}},{"start":{"line":53,"column":42},"end":{"line":53,"column":54}},{"start":{"line":53,"column":56},"end":{"line":53,"column":64}},{"start":{"line":53,"column":66},"end":{"line":53,"column":75}},{"start":{"line":53,"column":77},"end":{"line":53,"column":88}}],"line":53},"5":{"loc":{"start":{"line":67,"column":10},"end":{"line":67,"column":58}},"type":"binary-expr","locations":[{"start":{"line":67,"column":10},"end":{"line":67,"column":20}},{"start":{"line":67,"column":22},"end":{"line":67,"column":58}}],"line":67},"6":{"loc":{"start":{"line":69,"column":10},"end":{"line":69,"column":60}},"type":"binary-expr","locations":[{"start":{"line":69,"column":10},"end":{"line":69,"column":21}},{"start":{"line":69,"column":23},"end":{"line":69,"column":60}}],"line":69},"7":{"loc":{"start":{"line":71,"column":10},"end":{"line":71,"column":64}},"type":"binary-expr","locations":[{"start":{"line":71,"column":10},"end":{"line":71,"column":23}},{"start":{"line":71,"column":25},"end":{"line":71,"column":64}}],"line":71}},"s":{"0":3,"1":1,"2":1,"3":1,"4":1,"5":1,"6":1,"7":1,"8":1,"9":1,"10":1,"11":1,"12":1,"13":0,"14":0,"15":0,"16":0,"17":1,"18":0,"19":0,"20":0,"21":0,"22":1,"23":0,"24":0,"25":0,"26":0,"27":1,"28":0,"29":1,"30":0,"31":0,"32":0,"33":0,"34":0,"35":0,"36":1,"37":0,"38":0,"39":0,"40":1,"41":0,"42":3},"f":{"0":1,"1":0,"2":0,"3":0,"4":0,"5":0,"6":0,"7":0},"b":{"0":[0,0],"1":[0,0],"2":[0,0],"3":[0,0],"4":[0,0,0,0,0,0],"5":[1,0],"6":[1,0],"7":[1,0]},"_coverageSchema":"1a1c01bbd47fc00a2c39e90264f33305004495a9","hash":"2dca4bb58579263889c8a547f2fff30e79780837"}
,"/Users/arahul/mobilecode/my-seventh-try/components/newEntryHeader.js": {"path":"/Users/arahul/mobilecode/my-seventh-try/components/newEntryHeader.js","statementMap":{"0":{"start":{"line":5,"column":17},"end":{"line":12,"column":1}},"1":{"start":{"line":6,"column":4},"end":{"line":11,"column":6}},"2":{"start":{"line":8,"column":72},"end":{"line":8,"column":97}},"3":{"start":{"line":14,"column":15},"end":{"line":30,"column":2}}},"fnMap":{"0":{"name":"(anonymous_0)","decl":{"start":{"line":5,"column":17},"end":{"line":5,"column":18}},"loc":{"start":{"line":5,"column":25},"end":{"line":12,"column":1}},"line":5},"1":{"name":"(anonymous_1)","decl":{"start":{"line":8,"column":68},"end":{"line":8,"column":69}},"loc":{"start":{"line":8,"column":72},"end":{"line":8,"column":97}},"line":8}},"branchMap":{},"s":{"0":3,"1":1,"2":0,"3":3},"f":{"0":1,"1":0},"b":{},"_coverageSchema":"1a1c01bbd47fc00a2c39e90264f33305004495a9","hash":"6c2855cc94b3b67ba1e6d013d6984064f0ebda16"}
,"/Users/arahul/mobilecode/my-seventh-try/components/profileHeader.js": {"path":"/Users/arahul/mobilecode/my-seventh-try/components/profileHeader.js","statementMap":{"0":{"start":{"line":5,"column":16},"end":{"line":12,"column":1}},"1":{"start":{"line":6,"column":4},"end":{"line":11,"column":5}},"2":{"start":{"line":8,"column":71},"end":{"line":8,"column":96}},"3":{"start":{"line":13,"column":15},"end":{"line":29,"column":2}}},"fnMap":{"0":{"name":"(anonymous_0)","decl":{"start":{"line":5,"column":16},"end":{"line":5,"column":17}},"loc":{"start":{"line":5,"column":24},"end":{"line":12,"column":1}},"line":5},"1":{"name":"(anonymous_1)","decl":{"start":{"line":8,"column":67},"end":{"line":8,"column":68}},"loc":{"start":{"line":8,"column":71},"end":{"line":8,"column":96}},"line":8}},"branchMap":{},"s":{"0":3,"1":1,"2":0,"3":3},"f":{"0":1,"1":0},"b":{},"_coverageSchema":"1a1c01bbd47fc00a2c39e90264f33305004495a9","hash":"d92643c0a69abb6a718022e6b1e854362ce96410"}
,"/Users/arahul/mobilecode/my-seventh-try/components/profileInfo.js": {"path":"/Users/arahul/mobilecode/my-seventh-try/components/profileInfo.js","statementMap":{"0":{"start":{"line":7,"column":20},"end":{"line":54,"column":1}},"1":{"start":{"line":8,"column":15},"end":{"line":8,"column":17}},"2":{"start":{"line":9,"column":14},"end":{"line":9,"column":16}},"3":{"start":{"line":10,"column":16},"end":{"line":10,"column":18}},"4":{"start":{"line":11,"column":14},"end":{"line":11,"column":18}},"5":{"start":{"line":12,"column":24},"end":{"line":12,"column":65}},"6":{"start":{"line":12,"column":43},"end":{"line":12,"column":64}},"7":{"start":{"line":13,"column":23},"end":{"line":13,"column":61}},"8":{"start":{"line":14,"column":25},"end":{"line":14,"column":75}},"9":{"start":{"line":14,"column":51},"end":{"line":14,"column":74}},"10":{"start":{"line":15,"column":4},"end":{"line":21,"column":5}},"11":{"start":{"line":17,"column":9},"end":{"line":20,"column":33}},"12":{"start":{"line":22,"column":21},"end":{"line":22,"column":34}},"13":{"start":{"line":23,"column":23},"end":{"line":38,"column":4}},"14":{"start":{"line":24,"column":7},"end":{"line":37,"column":8}},"15":{"start":{"line":34,"column":27},"end":{"line":35,"column":41}},"16":{"start":{"line":39,"column":4},"end":{"line":53,"column":5}},"17":{"start":{"line":50,"column":44},"end":{"line":50,"column":62}},"18":{"start":{"line":56,"column":15},"end":{"line":87,"column":2}}},"fnMap":{"0":{"name":"(anonymous_0)","decl":{"start":{"line":7,"column":20},"end":{"line":7,"column":21}},"loc":{"start":{"line":7,"column":28},"end":{"line":54,"column":1}},"line":7},"1":{"name":"(anonymous_1)","decl":{"start":{"line":12,"column":36},"end":{"line":12,"column":37}},"loc":{"start":{"line":12,"column":43},"end":{"line":12,"column":64}},"line":12},"2":{"name":"(anonymous_2)","decl":{"start":{"line":14,"column":42},"end":{"line":14,"column":43}},"loc":{"start":{"line":14,"column":51},"end":{"line":14,"column":74}},"line":14},"3":{"name":"(anonymous_3)","decl":{"start":{"line":23,"column":23},"end":{"line":23,"column":24}},"loc":{"start":{"line":23,"column":31},"end":{"line":38,"column":4}},"line":23},"4":{"name":"(anonymous_4)","decl":{"start":{"line":29,"column":23},"end":{"line":29,"column":24}},"loc":{"start":{"line":29,"column":28},"end":{"line":29,"column":30}},"line":29},"5":{"name":"(anonymous_5)","decl":{"start":{"line":34,"column":22},"end":{"line":34,"column":23}},"loc":{"start":{"line":34,"column":26},"end":{"line":35,"column":42}},"line":34},"6":{"name":"(anonymous_6)","decl":{"start":{"line":50,"column":40},"end":{"line":50,"column":41}},"loc":{"start":{"line":50,"column":44},"end":{"line":50,"column":62}},"line":50}},"branchMap":{"0":{"loc":{"start":{"line":13,"column":23},"end":{"line":13,"column":61}},"type":"cond-expr","locations":[{"start":{"line":13,"column":35},"end":{"line":13,"column":56}},{"start":{"line":13,"column":57},"end":{"line":13,"column":61}}],"line":13},"1":{"loc":{"start":{"line":15,"column":4},"end":{"line":21,"column":5}},"type":"if","locations":[{"start":{"line":15,"column":4},"end":{"line":21,"column":5}},{"start":{"line":15,"column":4},"end":{"line":21,"column":5}}],"line":15},"2":{"loc":{"start":{"line":42,"column":12},"end":{"line":42,"column":147}},"type":"cond-expr","locations":[{"start":{"line":42,"column":24},"end":{"line":42,"column":89}},{"start":{"line":42,"column":90},"end":{"line":42,"column":147}}],"line":42}},"s":{"0":3,"1":2,"2":2,"3":2,"4":2,"5":2,"6":4,"7":2,"8":2,"9":0,"10":2,"11":0,"12":2,"13":2,"14":0,"15":0,"16":2,"17":0,"18":3},"f":{"0":2,"1":4,"2":0,"3":0,"4":0,"5":0,"6":0},"b":{"0":[0,2],"1":[0,2],"2":[2,0]},"_coverageSchema":"1a1c01bbd47fc00a2c39e90264f33305004495a9","hash":"58a8175eae052cef33717b7d669a7f9043f6a718"}
,"/Users/arahul/mobilecode/my-seventh-try/components/searchField.js": {"path":"/Users/arahul/mobilecode/my-seventh-try/components/searchField.js","statementMap":{"0":{"start":{"line":8,"column":18},"end":{"line":58,"column":1}},"1":{"start":{"line":9,"column":46},"end":{"line":9,"column":58}},"2":{"start":{"line":10,"column":43},"end":{"line":10,"column":55}},"3":{"start":{"line":11,"column":24},"end":{"line":11,"column":67}},"4":{"start":{"line":11,"column":45},"end":{"line":11,"column":66}},"5":{"start":{"line":12,"column":0},"end":{"line":13,"column":52}},"6":{"start":{"line":13,"column":7},"end":{"line":13,"column":35}},"7":{"start":{"line":14,"column":18},"end":{"line":17,"column":5}},"8":{"start":{"line":15,"column":8},"end":{"line":15,"column":29}},"9":{"start":{"line":16,"column":8},"end":{"line":16,"column":36}},"10":{"start":{"line":18,"column":33},"end":{"line":30,"column":5}},"11":{"start":{"line":19,"column":18},"end":{"line":28,"column":19}},"12":{"start":{"line":20,"column":38},"end":{"line":23,"column":24}},"13":{"start":{"line":20,"column":79},"end":{"line":20,"column":102}},"14":{"start":{"line":21,"column":44},"end":{"line":21,"column":62}},"15":{"start":{"line":22,"column":25},"end":{"line":22,"column":61}},"16":{"start":{"line":24,"column":22},"end":{"line":24,"column":46}},"17":{"start":{"line":27,"column":22},"end":{"line":27,"column":50}},"18":{"start":{"line":29,"column":18},"end":{"line":29,"column":40}},"19":{"start":{"line":31,"column":5},"end":{"line":57,"column":5}},"20":{"start":{"line":45,"column":13},"end":{"line":51,"column":32}},"21":{"start":{"line":45,"column":46},"end":{"line":47,"column":16}},"22":{"start":{"line":60,"column":15},"end":{"line":78,"column":2}}},"fnMap":{"0":{"name":"(anonymous_0)","decl":{"start":{"line":8,"column":18},"end":{"line":8,"column":19}},"loc":{"start":{"line":8,"column":26},"end":{"line":58,"column":1}},"line":8},"1":{"name":"(anonymous_1)","decl":{"start":{"line":11,"column":36},"end":{"line":11,"column":37}},"loc":{"start":{"line":11,"column":45},"end":{"line":11,"column":66}},"line":11},"2":{"name":"(anonymous_2)","decl":{"start":{"line":12,"column":11},"end":{"line":12,"column":12}},"loc":{"start":{"line":12,"column":15},"end":{"line":13,"column":36}},"line":12},"3":{"name":"(anonymous_3)","decl":{"start":{"line":14,"column":18},"end":{"line":14,"column":19}},"loc":{"start":{"line":14,"column":23},"end":{"line":17,"column":5}},"line":14},"4":{"name":"(anonymous_4)","decl":{"start":{"line":18,"column":33},"end":{"line":18,"column":34}},"loc":{"start":{"line":18,"column":42},"end":{"line":30,"column":5}},"line":18},"5":{"name":"(anonymous_5)","decl":{"start":{"line":20,"column":57},"end":{"line":20,"column":58}},"loc":{"start":{"line":20,"column":64},"end":{"line":23,"column":23}},"line":20},"6":{"name":"(anonymous_6)","decl":{"start":{"line":44,"column":21},"end":{"line":44,"column":22}},"loc":{"start":{"line":45,"column":13},"end":{"line":51,"column":32}},"line":45},"7":{"name":"(anonymous_7)","decl":{"start":{"line":45,"column":40},"end":{"line":45,"column":41}},"loc":{"start":{"line":45,"column":44},"end":{"line":47,"column":17}},"line":45}},"branchMap":{"0":{"loc":{"start":{"line":19,"column":18},"end":{"line":28,"column":19}},"type":"if","locations":[{"start":{"line":19,"column":18},"end":{"line":28,"column":19}},{"start":{"line":19,"column":18},"end":{"line":28,"column":19}}],"line":19}},"s":{"0":2,"1":6,"2":6,"3":6,"4":9,"5":6,"6":3,"7":6,"8":0,"9":0,"10":6,"11":0,"12":0,"13":0,"14":0,"15":0,"16":0,"17":0,"18":0,"19":6,"20":0,"21":0,"22":2},"f":{"0":6,"1":9,"2":3,"3":0,"4":0,"5":0,"6":0,"7":0},"b":{"0":[0,0]},"_coverageSchema":"1a1c01bbd47fc00a2c39e90264f33305004495a9","hash":"e091728a9f728b08861bba7a09807b3cbd9bc25e"}
,"/Users/arahul/mobilecode/my-seventh-try/navigator/newContact.js": {"path":"/Users/arahul/mobilecode/my-seventh-try/navigator/newContact.js","statementMap":{"0":{"start":{"line":12,"column":14},"end":{"line":12,"column":36}},"1":{"start":{"line":13,"column":26},"end":{"line":22,"column":2}},"2":{"start":{"line":14,"column":5},"end":{"line":21,"column":31}},"3":{"start":{"line":17,"column":94},"end":{"line":17,"column":121}},"4":{"start":{"line":18,"column":92},"end":{"line":18,"column":122}},"5":{"start":{"line":19,"column":98},"end":{"line":19,"column":125}}},"fnMap":{"0":{"name":"(anonymous_0)","decl":{"start":{"line":13,"column":26},"end":{"line":13,"column":27}},"loc":{"start":{"line":13,"column":31},"end":{"line":22,"column":2}},"line":13},"1":{"name":"(anonymous_1)","decl":{"start":{"line":17,"column":87},"end":{"line":17,"column":88}},"loc":{"start":{"line":17,"column":94},"end":{"line":17,"column":121}},"line":17},"2":{"name":"(anonymous_2)","decl":{"start":{"line":18,"column":85},"end":{"line":18,"column":86}},"loc":{"start":{"line":18,"column":92},"end":{"line":18,"column":122}},"line":18},"3":{"name":"(anonymous_3)","decl":{"start":{"line":19,"column":91},"end":{"line":19,"column":92}},"loc":{"start":{"line":19,"column":98},"end":{"line":19,"column":125}},"line":19}},"branchMap":{},"s":{"0":2,"1":2,"2":3,"3":6,"4":0,"5":0},"f":{"0":3,"1":6,"2":0,"3":0},"b":{},"_coverageSchema":"1a1c01bbd47fc00a2c39e90264f33305004495a9","hash":"4703cccdcf7d6b2ffff43037bc0f12b038a78310"}
,"/Users/arahul/mobilecode/my-seventh-try/store/actions/contactAction.js": {"path":"/Users/arahul/mobilecode/my-seventh-try/store/actions/contactAction.js","statementMap":{"0":{"start":{"line":1,"column":27},"end":{"line":1,"column":40}},"1":{"start":{"line":3,"column":26},"end":{"line":7,"column":1}},"2":{"start":{"line":4,"column":4},"end":{"line":6,"column":6}}},"fnMap":{"0":{"name":"(anonymous_0)","decl":{"start":{"line":3,"column":26},"end":{"line":3,"column":27}},"loc":{"start":{"line":3,"column":62},"end":{"line":7,"column":1}},"line":3}},"branchMap":{},"s":{"0":4,"1":4,"2":0},"f":{"0":0},"b":{},"_coverageSchema":"1a1c01bbd47fc00a2c39e90264f33305004495a9","hash":"66ef9b1ba8203efcb2c7898503f4e14cbe0f8af3"}
,"/Users/arahul/mobilecode/my-seventh-try/store/actions/deleteContact.js": {"path":"/Users/arahul/mobilecode/my-seventh-try/store/actions/deleteContact.js","statementMap":{"0":{"start":{"line":1,"column":30},"end":{"line":1,"column":46}},"1":{"start":{"line":3,"column":29},"end":{"line":8,"column":1}},"2":{"start":{"line":4,"column":4},"end":{"line":7,"column":6}}},"fnMap":{"0":{"name":"(anonymous_0)","decl":{"start":{"line":3,"column":29},"end":{"line":3,"column":30}},"loc":{"start":{"line":3,"column":36},"end":{"line":8,"column":1}},"line":3}},"branchMap":{},"s":{"0":4,"1":4,"2":0},"f":{"0":0},"b":{},"_coverageSchema":"1a1c01bbd47fc00a2c39e90264f33305004495a9","hash":"a72c0929ea31344132eb3cac1b25fc2229334102"}
,"/Users/arahul/mobilecode/my-seventh-try/store/reducers/addContact.js": {"path":"/Users/arahul/mobilecode/my-seventh-try/store/reducers/addContact.js","statementMap":{"0":{"start":{"line":5,"column":21},"end":{"line":7,"column":1}},"1":{"start":{"line":9,"column":20},"end":{"line":25,"column":1}},"2":{"start":{"line":11,"column":4},"end":{"line":24,"column":1}},"3":{"start":{"line":13,"column":31},"end":{"line":13,"column":167}},"4":{"start":{"line":14,"column":13},"end":{"line":17,"column":14}},"5":{"start":{"line":19,"column":12},"end":{"line":22,"column":13}},"6":{"start":{"line":21,"column":58},"end":{"line":21,"column":89}},"7":{"start":{"line":23,"column":17},"end":{"line":23,"column":30}}},"fnMap":{"0":{"name":"(anonymous_0)","decl":{"start":{"line":9,"column":20},"end":{"line":9,"column":21}},"loc":{"start":{"line":9,"column":52},"end":{"line":25,"column":1}},"line":9},"1":{"name":"(anonymous_1)","decl":{"start":{"line":21,"column":47},"end":{"line":21,"column":48}},"loc":{"start":{"line":21,"column":58},"end":{"line":21,"column":89}},"line":21}},"branchMap":{"0":{"loc":{"start":{"line":9,"column":21},"end":{"line":9,"column":41}},"type":"default-arg","locations":[{"start":{"line":9,"column":29},"end":{"line":9,"column":41}}],"line":9},"1":{"loc":{"start":{"line":11,"column":4},"end":{"line":24,"column":1}},"type":"switch","locations":[{"start":{"line":12,"column":8},"end":{"line":17,"column":14}},{"start":{"line":18,"column":8},"end":{"line":22,"column":13}},{"start":{"line":23,"column":8},"end":{"line":23,"column":30}}],"line":11}},"s":{"0":4,"1":4,"2":12,"3":0,"4":0,"5":0,"6":0,"7":12},"f":{"0":12,"1":0},"b":{"0":[12],"1":[0,0,12]},"_coverageSchema":"1a1c01bbd47fc00a2c39e90264f33305004495a9","hash":"a6faedefe77a9d9d6444b5a93349ecd19bdede58"}
,"/Users/arahul/mobilecode/my-seventh-try/userData/info.js": {"path":"/Users/arahul/mobilecode/my-seventh-try/userData/info.js","statementMap":{"0":{"start":{"line":4,"column":8},"end":{"line":4,"column":19}},"1":{"start":{"line":5,"column":8},"end":{"line":5,"column":23}},"2":{"start":{"line":6,"column":8},"end":{"line":6,"column":25}},"3":{"start":{"line":7,"column":8},"end":{"line":7,"column":29}},"4":{"start":{"line":8,"column":8},"end":{"line":8,"column":25}}},"fnMap":{"0":{"name":"(anonymous_0)","decl":{"start":{"line":2,"column":4},"end":{"line":2,"column":5}},"loc":{"start":{"line":3,"column":4},"end":{"line":9,"column":5}},"line":3}},"branchMap":{},"s":{"0":0,"1":0,"2":0,"3":0,"4":0},"f":{"0":0},"b":{},"_coverageSchema":"1a1c01bbd47fc00a2c39e90264f33305004495a9","hash":"0faecca2302bd4040962db15897693ed49526997"}
}
