TN:
SF:App.js
FN:15,App
FNF:1
FNH:1
FNDA:1,App
DA:9,1
DA:13,1
DA:16,1
DA:25,1
LF:4
LH:4
BRF:0
BRH:0
end_of_record
TN:
SF:components/contactHeader.js
FN:6,(anonymous_0)
FN:11,(anonymous_1)
FNF:2
FNH:2
FNDA:16,(anonymous_0)
FNDA:2,(anonymous_1)
DA:6,3
DA:7,16
DA:11,2
DA:15,3
LF:4
LH:4
BRF:0
BRH:0
end_of_record
TN:
SF:components/imageSelector.js
FN:9,(anonymous_0)
FN:11,(anonymous_1)
FN:23,(anonymous_2)
FN:37,(anonymous_3)
FN:44,(anonymous_4)
FN:46,(anonymous_5)
FNF:6
FNH:1
FNDA:17,(anonymous_0)
FNDA:0,(anonymous_1)
FNDA:0,(anonymous_2)
FNDA:0,(anonymous_3)
FNDA:0,(anonymous_4)
FNDA:0,(anonymous_5)
DA:9,3
DA:10,17
DA:11,17
DA:12,0
DA:13,0
DA:14,0
DA:19,0
DA:21,0
DA:23,17
DA:24,0
DA:25,0
DA:27,0
DA:29,0
DA:34,0
DA:35,0
DA:37,17
DA:38,0
DA:39,0
DA:42,17
DA:44,0
DA:46,0
DA:53,3
LF:22
LH:7
BRDA:13,0,0,0
BRDA:13,0,1,0
BRDA:25,1,0,0
BRDA:25,1,1,0
BRDA:44,2,0,17
BRDA:44,2,1,0
BRF:6
BRH:1
end_of_record
TN:
SF:components/newEntry.js
FN:8,(anonymous_0)
FN:20,(anonymous_1)
FN:27,(anonymous_2)
FN:34,(anonymous_3)
FN:41,(anonymous_4)
FN:44,(anonymous_5)
FN:52,(anonymous_6)
FN:74,(anonymous_7)
FNF:8
FNH:7
FNDA:17,(anonymous_0)
FNDA:3,(anonymous_1)
FNDA:3,(anonymous_2)
FNDA:3,(anonymous_3)
FNDA:0,(anonymous_4)
FNDA:1,(anonymous_5)
FNDA:3,(anonymous_6)
FNDA:3,(anonymous_7)
DA:8,3
DA:9,17
DA:10,17
DA:11,17
DA:12,17
DA:13,17
DA:14,17
DA:15,17
DA:16,17
DA:17,17
DA:18,17
DA:19,17
DA:20,17
DA:21,3
DA:22,3
DA:23,3
DA:24,2
DA:27,17
DA:28,3
DA:29,3
DA:30,3
DA:31,2
DA:34,17
DA:35,3
DA:36,3
DA:37,3
DA:38,2
DA:41,17
DA:42,0
DA:44,17
DA:45,1
DA:46,1
DA:47,1
DA:48,1
DA:49,1
DA:50,1
DA:52,17
DA:53,3
DA:55,1
DA:59,2
DA:62,17
DA:74,3
DA:82,3
LF:43
LH:42
BRDA:23,0,0,2
BRDA:23,0,1,1
BRDA:30,1,0,2
BRDA:30,1,1,1
BRDA:37,2,0,2
BRDA:37,2,1,1
BRDA:53,3,0,1
BRDA:53,3,1,2
BRDA:53,4,0,3
BRDA:53,4,1,2
BRDA:53,4,2,2
BRDA:53,4,3,2
BRDA:53,4,4,1
BRDA:53,4,5,1
BRDA:67,5,0,17
BRDA:67,5,1,3
BRDA:69,6,0,17
BRDA:69,6,1,2
BRDA:71,7,0,17
BRDA:71,7,1,1
BRF:20
BRH:20
end_of_record
TN:
SF:components/newEntryHeader.js
FN:4,(anonymous_0)
FNF:1
FNH:1
FNDA:4,(anonymous_0)
DA:4,3
DA:5,4
LF:2
LH:2
BRF:0
BRH:0
end_of_record
TN:
SF:components/profileInfo.js
FN:7,(anonymous_0)
FN:12,(anonymous_1)
FN:14,(anonymous_2)
FN:23,(anonymous_3)
FN:29,(anonymous_4)
FN:34,(anonymous_5)
FN:51,(anonymous_6)
FNF:7
FNH:5
FNDA:3,(anonymous_0)
FNDA:6,(anonymous_1)
FNDA:1,(anonymous_2)
FNDA:2,(anonymous_3)
FNDA:0,(anonymous_4)
FNDA:0,(anonymous_5)
FNDA:2,(anonymous_6)
DA:7,3
DA:8,3
DA:9,3
DA:10,3
DA:11,3
DA:12,6
DA:13,3
DA:14,3
DA:15,3
DA:17,1
DA:22,3
DA:23,3
DA:24,2
DA:34,0
DA:39,3
DA:51,2
DA:58,3
LF:17
LH:16
BRDA:13,0,0,1
BRDA:13,0,1,2
BRDA:15,1,0,1
BRDA:15,1,1,2
BRDA:43,2,0,3
BRDA:43,2,1,0
BRF:6
BRH:5
end_of_record
TN:
SF:components/searchField.js
FN:8,(anonymous_0)
FN:11,(anonymous_1)
FN:12,(anonymous_2)
FN:14,(anonymous_3)
FN:18,(anonymous_4)
FN:20,(anonymous_5)
FN:48,(anonymous_6)
FN:49,(anonymous_7)
FNF:8
FNH:8
FNDA:16,(anonymous_0)
FNDA:22,(anonymous_1)
FNDA:6,(anonymous_2)
FNDA:1,(anonymous_3)
FNDA:3,(anonymous_4)
FNDA:1,(anonymous_5)
FNDA:3,(anonymous_6)
FNDA:1,(anonymous_7)
DA:8,2
DA:9,16
DA:10,16
DA:11,22
DA:12,16
DA:13,6
DA:14,16
DA:15,1
DA:16,1
DA:18,16
DA:19,3
DA:20,2
DA:21,1
DA:22,1
DA:24,2
DA:27,1
DA:29,3
DA:31,16
DA:49,3
DA:64,2
LF:20
LH:20
BRDA:19,0,0,2
BRDA:19,0,1,1
BRF:2
BRH:2
end_of_record
TN:
SF:navigator/newContact.js
FN:13,(anonymous_0)
FN:17,(anonymous_1)
FN:18,(anonymous_2)
FN:19,(anonymous_3)
FNF:4
FNH:4
FNDA:5,(anonymous_0)
FNDA:14,(anonymous_1)
FNDA:2,(anonymous_2)
FNDA:1,(anonymous_3)
DA:12,2
DA:13,2
DA:14,5
DA:17,14
DA:18,2
DA:19,1
LF:6
LH:6
BRF:0
BRH:0
end_of_record
TN:
SF:store/actions/contactAction.js
FN:3,(anonymous_0)
FNF:1
FNH:1
FNDA:2,(anonymous_0)
DA:1,6
DA:3,6
DA:4,2
LF:3
LH:3
BRF:0
BRH:0
end_of_record
TN:
SF:store/actions/deleteContact.js
FN:3,(anonymous_0)
FNF:1
FNH:1
FNDA:1,(anonymous_0)
DA:1,6
DA:3,6
DA:4,1
LF:3
LH:3
BRF:0
BRH:0
end_of_record
TN:
SF:store/reducers/addContact.js
FN:9,(anonymous_0)
FN:21,(anonymous_1)
FNF:2
FNH:2
FNDA:16,(anonymous_0)
FNDA:1,(anonymous_1)
DA:5,5
DA:9,5
DA:11,16
DA:13,2
DA:14,2
DA:19,1
DA:21,1
DA:23,13
LF:8
LH:8
BRDA:9,0,0,13
BRDA:11,1,0,2
BRDA:11,1,1,1
BRDA:11,1,2,13
BRF:4
BRH:4
end_of_record
TN:
SF:userData/info.js
FN:2,(anonymous_0)
FNF:1
FNH:1
FNDA:2,(anonymous_0)
DA:4,2
DA:5,2
DA:6,2
DA:7,2
DA:8,2
LF:5
LH:5
BRF:0
BRH:0
end_of_record
