TN:
SF:App.js
FN:14,App
FNF:1
FNH:1
FNDA:1,App
DA:8,1
DA:12,1
DA:15,1
DA:18,1
LF:4
LH:4
BRF:0
BRH:0
end_of_record
TN:
SF:components/contactHeader.js
FN:5,(anonymous_0)
FN:9,(anonymous_1)
FNF:2
FNH:1
FNDA:7,(anonymous_0)
FNDA:0,(anonymous_1)
DA:5,3
DA:6,7
DA:9,0
DA:14,3
LF:4
LH:3
BRF:0
BRH:0
end_of_record
TN:
SF:components/imageSelector.js
FN:9,(anonymous_0)
FN:11,(anonymous_1)
FN:23,(anonymous_2)
FN:37,(anonymous_3)
FN:44,(anonymous_4)
FN:46,(anonymous_5)
FNF:6
FNH:1
FNDA:1,(anonymous_0)
FNDA:0,(anonymous_1)
FNDA:0,(anonymous_2)
FNDA:0,(anonymous_3)
FNDA:0,(anonymous_4)
FNDA:0,(anonymous_5)
DA:9,3
DA:10,1
DA:11,1
DA:12,0
DA:13,0
DA:14,0
DA:19,0
DA:21,0
DA:23,1
DA:24,0
DA:25,0
DA:27,0
DA:29,0
DA:34,0
DA:35,0
DA:37,1
DA:38,0
DA:39,0
DA:42,1
DA:44,0
DA:46,0
DA:53,3
LF:22
LH:7
BRDA:13,0,0,0
BRDA:13,0,1,0
BRDA:25,1,0,0
BRDA:25,1,1,0
BRDA:44,2,0,1
BRDA:44,2,1,0
BRF:6
BRH:1
end_of_record
TN:
SF:components/newEntry.js
FN:8,(anonymous_0)
FN:20,(anonymous_1)
FN:27,(anonymous_2)
FN:34,(anonymous_3)
FN:41,(anonymous_4)
FN:44,(anonymous_5)
FN:52,(anonymous_6)
FN:74,(anonymous_7)
FNF:8
FNH:1
FNDA:1,(anonymous_0)
FNDA:0,(anonymous_1)
FNDA:0,(anonymous_2)
FNDA:0,(anonymous_3)
FNDA:0,(anonymous_4)
FNDA:0,(anonymous_5)
FNDA:0,(anonymous_6)
FNDA:0,(anonymous_7)
DA:8,3
DA:9,1
DA:10,1
DA:11,1
DA:12,1
DA:13,1
DA:14,1
DA:15,1
DA:16,1
DA:17,1
DA:18,1
DA:19,1
DA:20,1
DA:21,0
DA:22,0
DA:23,0
DA:24,0
DA:27,1
DA:28,0
DA:29,0
DA:30,0
DA:31,0
DA:34,1
DA:35,0
DA:36,0
DA:37,0
DA:38,0
DA:41,1
DA:42,0
DA:44,1
DA:45,0
DA:46,0
DA:47,0
DA:48,0
DA:49,0
DA:50,0
DA:52,1
DA:53,0
DA:55,0
DA:59,0
DA:62,1
DA:74,0
DA:82,3
LF:43
LH:20
BRDA:23,0,0,0
BRDA:23,0,1,0
BRDA:30,1,0,0
BRDA:30,1,1,0
BRDA:37,2,0,0
BRDA:37,2,1,0
BRDA:53,3,0,0
BRDA:53,3,1,0
BRDA:53,4,0,0
BRDA:53,4,1,0
BRDA:53,4,2,0
BRDA:53,4,3,0
BRDA:53,4,4,0
BRDA:53,4,5,0
BRDA:67,5,0,1
BRDA:67,5,1,0
BRDA:69,6,0,1
BRDA:69,6,1,0
BRDA:71,7,0,1
BRDA:71,7,1,0
BRF:20
BRH:3
end_of_record
TN:
SF:components/newEntryHeader.js
FN:5,(anonymous_0)
FN:8,(anonymous_1)
FNF:2
FNH:1
FNDA:1,(anonymous_0)
FNDA:0,(anonymous_1)
DA:5,3
DA:6,1
DA:8,0
DA:14,3
LF:4
LH:3
BRF:0
BRH:0
end_of_record
TN:
SF:components/profileHeader.js
FN:5,(anonymous_0)
FN:8,(anonymous_1)
FNF:2
FNH:1
FNDA:1,(anonymous_0)
FNDA:0,(anonymous_1)
DA:5,3
DA:6,1
DA:8,0
DA:13,3
LF:4
LH:3
BRF:0
BRH:0
end_of_record
TN:
SF:components/profileInfo.js
FN:7,(anonymous_0)
FN:12,(anonymous_1)
FN:14,(anonymous_2)
FN:23,(anonymous_3)
FN:29,(anonymous_4)
FN:34,(anonymous_5)
FN:50,(anonymous_6)
FNF:7
FNH:2
FNDA:2,(anonymous_0)
FNDA:4,(anonymous_1)
FNDA:0,(anonymous_2)
FNDA:0,(anonymous_3)
FNDA:0,(anonymous_4)
FNDA:0,(anonymous_5)
FNDA:0,(anonymous_6)
DA:7,3
DA:8,2
DA:9,2
DA:10,2
DA:11,2
DA:12,4
DA:13,2
DA:14,2
DA:15,2
DA:17,0
DA:22,2
DA:23,2
DA:24,0
DA:34,0
DA:39,2
DA:50,0
DA:56,3
LF:17
LH:13
BRDA:13,0,0,0
BRDA:13,0,1,2
BRDA:15,1,0,0
BRDA:15,1,1,2
BRDA:42,2,0,2
BRDA:42,2,1,0
BRF:6
BRH:3
end_of_record
TN:
SF:components/searchField.js
FN:8,(anonymous_0)
FN:11,(anonymous_1)
FN:12,(anonymous_2)
FN:14,(anonymous_3)
FN:18,(anonymous_4)
FN:20,(anonymous_5)
FN:44,(anonymous_6)
FN:45,(anonymous_7)
FNF:8
FNH:3
FNDA:6,(anonymous_0)
FNDA:9,(anonymous_1)
FNDA:3,(anonymous_2)
FNDA:0,(anonymous_3)
FNDA:0,(anonymous_4)
FNDA:0,(anonymous_5)
FNDA:0,(anonymous_6)
FNDA:0,(anonymous_7)
DA:8,2
DA:9,6
DA:10,6
DA:11,9
DA:12,6
DA:13,3
DA:14,6
DA:15,0
DA:16,0
DA:18,6
DA:19,0
DA:20,0
DA:21,0
DA:22,0
DA:24,0
DA:27,0
DA:29,0
DA:31,6
DA:45,0
DA:60,2
LF:20
LH:10
BRDA:19,0,0,0
BRDA:19,0,1,0
BRF:2
BRH:0
end_of_record
TN:
SF:navigator/newContact.js
FN:13,(anonymous_0)
FN:17,(anonymous_1)
FN:18,(anonymous_2)
FN:19,(anonymous_3)
FNF:4
FNH:2
FNDA:3,(anonymous_0)
FNDA:6,(anonymous_1)
FNDA:0,(anonymous_2)
FNDA:0,(anonymous_3)
DA:12,2
DA:13,2
DA:14,3
DA:17,6
DA:18,0
DA:19,0
LF:6
LH:4
BRF:0
BRH:0
end_of_record
TN:
SF:store/actions/contactAction.js
FN:3,(anonymous_0)
FNF:1
FNH:0
FNDA:0,(anonymous_0)
DA:1,4
DA:3,4
DA:4,0
LF:3
LH:2
BRF:0
BRH:0
end_of_record
TN:
SF:store/actions/deleteContact.js
FN:3,(anonymous_0)
FNF:1
FNH:0
FNDA:0,(anonymous_0)
DA:1,4
DA:3,4
DA:4,0
LF:3
LH:2
BRF:0
BRH:0
end_of_record
TN:
SF:store/reducers/addContact.js
FN:9,(anonymous_0)
FN:21,(anonymous_1)
FNF:2
FNH:1
FNDA:12,(anonymous_0)
FNDA:0,(anonymous_1)
DA:5,4
DA:9,4
DA:11,12
DA:13,0
DA:14,0
DA:19,0
DA:21,0
DA:23,12
LF:8
LH:4
BRDA:9,0,0,12
BRDA:11,1,0,0
BRDA:11,1,1,0
BRDA:11,1,2,12
BRF:4
BRH:2
end_of_record
TN:
SF:userData/info.js
FN:2,(anonymous_0)
FNF:1
FNH:0
FNDA:0,(anonymous_0)
DA:4,0
DA:5,0
DA:6,0
DA:7,0
DA:8,0
LF:5
LH:0
BRF:0
BRH:0
end_of_record
